<?xml version="1.0" encoding="UTF-8"?>
<testsuite xmlns:xsi="http://www.w3.org/2001/XMLSchema-instance" xsi:noNamespaceSchemaLocation="https://maven.apache.org/surefire/maven-surefire-plugin/xsd/surefire-test-report-3.0.xsd" version="3.0" name="com.aiden.bank.DemoApplicationTests" time="6.862" tests="1" errors="0" skipped="0" failures="0">
  <properties>
[...]
</properties>
  <testcase name="contextLoads" classname="com.aiden.bank.DemoApplicationTests" time="0.702">
    <system-out><![CDATA[16:54:17.623 [main] INFO org.springframework.test.context.support.AnnotationConfigContextLoaderUtils -- Could not detect default configuration classes for test class [com.aiden.bank.DemoApplicationTests]: DemoApplicationTests does not declare any static, non-private, non-final, nested classes annotated with @Configuration.
16:54:17.779 [main] INFO org.springframework.boot.test.context.SpringBootTestContextBootstrapper -- Found @SpringBootConfiguration com.aiden.bank.AidenBankApplication for test class com.aiden.bank.DemoApplicationTests

  .   ____          _            __ _ _
 /\\ / ___'_ __ _ _(_)_ __  __ _ \ \ \ \
( ( )\___ | '_ | '_| | '_ \/ _` | \ \ \ \
 \\/  ___)| |_)| | | | | || (_| |  ) ) ) )
  '  |____| .__|_| |_|_| |_\__, | / / / /
 =========|_|==============|___/=/_/_/_/

 :: Spring Boot ::                (v3.3.2)

2025-10-22T16:54:18.444-03:00  INFO 18552 --- [AidenBank] [           main] com.aiden.bank.DemoApplicationTests      : Starting DemoApplicationTests using Java 23.0.1 with PID 18552 (started by Lourdes in C:\Users\Lourdes\Documents\AidenBank)
2025-10-22T16:54:18.444-03:00  INFO 18552 --- [AidenBank] [           main] com.aiden.bank.DemoApplicationTests      : No active profile set, falling back to 1 default profile: "default"
2025-10-22T16:54:19.386-03:00  INFO 18552 --- [AidenBank] [           main] .s.d.r.c.RepositoryConfigurationDelegate : Bootstrapping Spring Data JPA repositories in DEFAULT mode.
2025-10-22T16:54:19.460-03:00  INFO 18552 --- [AidenBank] [           main] .s.d.r.c.RepositoryConfigurationDelegate : Finished Spring Data repository scanning in 72 ms. Found 3 JPA repository interfaces.
2025-10-22T16:54:20.047-03:00  INFO 18552 --- [AidenBank] [           main] o.hibernate.jpa.internal.util.LogHelper  : HHH000204: Processing PersistenceUnitInfo [name: default]
2025-10-22T16:54:20.156-03:00  INFO 18552 --- [AidenBank] [           main] org.hibernate.Version                    : HHH000412: Hibernate ORM core version 6.5.2.Final
2025-10-22T16:54:20.197-03:00  INFO 18552 --- [AidenBank] [           main] o.h.c.internal.RegionFactoryInitiator    : HHH000026: Second-level cache disabled
2025-10-22T16:54:20.687-03:00  INFO 18552 --- [AidenBank] [           main] o.s.o.j.p.SpringPersistenceUnitInfo      : No LoadTimeWeaver setup: ignoring JPA class transformer
2025-10-22T16:54:20.721-03:00  INFO 18552 --- [AidenBank] [           main] com.zaxxer.hikari.HikariDataSource       : HikariPool-1 - Starting...
2025-10-22T16:54:20.991-03:00  INFO 18552 --- [AidenBank] [           main] com.zaxxer.hikari.pool.HikariPool        : HikariPool-1 - Added connection conn0: url=jdbc:h2:mem:bankflowdb user=SA
2025-10-22T16:54:20.991-03:00  INFO 18552 --- [AidenBank] [           main] com.zaxxer.hikari.HikariDataSource       : HikariPool-1 - Start completed.
2025-10-22T16:54:22.119-03:00  INFO 18552 --- [AidenBank] [           main] o.h.e.t.j.p.i.JtaPlatformInitiator       : HHH000489: No JTA platform available (set 'hibernate.transaction.jta.platform' to enable JTA platform integration)
Hibernate: 
    create table account (
        id bigint generated by default as identity,
        account_number varchar(255) not null,
        balance float(53) not null,
        type varchar(255) not null,
        customer_id bigint,
        primary key (id)
    )
Hibernate: 
    create table customer (
        id bigint generated by default as identity,
        document_number varchar(255) not null,
        email varchar(255) not null,
        name varchar(255) not null,
        primary key (id)
    )
Hibernate: 
    create table transfer (
        id bigint generated by default as identity,
        amount float(53) not null,
        date timestamp(6) not null,
        status varchar(255) not null,
        destination_account_id bigint,
        source_account_id bigint,
        primary key (id)
    )
Hibernate: 
    alter table if exists account 
       drop constraint if exists UK66gkcp94endmotfwb8r4ocxm9
Hibernate: 
    alter table if exists account 
       add constraint UK66gkcp94endmotfwb8r4ocxm9 unique (account_number)
Hibernate: 
    alter table if exists customer 
       drop constraint if exists UKmcxhs25405p3p7mrre6he23nf
Hibernate: 
    alter table if exists customer 
       add constraint UKmcxhs25405p3p7mrre6he23nf unique (document_number)
Hibernate: 
    alter table if exists customer 
       drop constraint if exists UKdwk6cx0afu8bs9o4t536v1j5v
Hibernate: 
    alter table if exists customer 
       add constraint UKdwk6cx0afu8bs9o4t536v1j5v unique (email)
Hibernate: 
    alter table if exists account 
       add constraint FKnnwpo0lfq4xai1rs6887sx02k 
       foreign key (customer_id) 
       references customer
Hibernate: 
    alter table if exists transfer 
       add constraint FK3cucxr3at5dqm6n0wxsay2p9m 
       foreign key (destination_account_id) 
       references account
Hibernate: 
    alter table if exists transfer 
       add constraint FKo0jjwiyxy8j2ampyqi1jsu0o5 
       foreign key (source_account_id) 
       references account
2025-10-22T16:54:22.199-03:00  INFO 18552 --- [AidenBank] [           main] j.LocalContainerEntityManagerFactoryBean : Initialized JPA EntityManagerFactory for persistence unit 'default'
2025-10-22T16:54:22.867-03:00  WARN 18552 --- [AidenBank] [           main] JpaBaseConfiguration$JpaWebConfiguration : spring.jpa.open-in-view is enabled by default. Therefore, database queries may be performed during view rendering. Explicitly configure spring.jpa.open-in-view to disable this warning
2025-10-22T16:54:23.413-03:00  INFO 18552 --- [AidenBank] [           main] o.s.b.a.h2.H2ConsoleAutoConfiguration    : H2 console available at '/h2-console'. Database available at 'jdbc:h2:mem:bankflowdb'
2025-10-22T16:54:23.493-03:00  INFO 18552 --- [AidenBank] [           main] com.aiden.bank.DemoApplicationTests      : Started DemoApplicationTests in 5.505 seconds (process running for 7.045)
]]></system-out>
    <system-err><![CDATA[WARNING: A Java agent has been loaded dynamically (C:\Users\Lourdes\.m2\repository\net\bytebuddy\byte-buddy-agent\1.14.18\byte-buddy-agent-1.14.18.jar)
WARNING: If a serviceability tool is in use, please run with -XX:+EnableDynamicAgentLoading to hide this warning
WARNING: If a serviceability tool is not in use, please run with -Djdk.instrument.traceUsage for more information
WARNING: Dynamic loading of agents will be disallowed by default in a future release
]]></system-err>
  </testcase>
</testsuite>